# JRE version: Java(TM) SE Runtime Environment (17.0.10+11) (build 17.0.10+11-LTS-240)
# Java VM: Java HotSpot(TM) 64-Bit Server VM (17.0.10+11-LTS-240, mixed mode, sharing, tiered, compressed oops, compressed class ptrs, g1 gc, windows-amd64)
GC Precious Log:
 CPUs: 16 total, 16 available
 Memory: 16122M
 Large Page Support: Disabled
 NUMA Support: Disabled
 Compressed Oops: Enabled (Zero based)
 Heap Region Size: 2M
 Heap Min Capacity: 8M
 Heap Initial Capacity: 252M
 Heap Max Capacity: 4032M
 Pre-touch: Disabled
 Parallel Workers: 13
 Concurrent Workers: 3
 Concurrent Refinement Workers: 13
 Periodic GC: Disabled
Heap:
 garbage-first heap   total 632832K, used 299514K [0x0000000704000000, 0x0000000800000000)
  region size 2048K, 3 young (6144K), 3 survivors (6144K)
 Metaspace       used 58610K, committed 59712K, reserved 1114112K
  class space    used 8371K, committed 8896K, reserved 1048576K
GC Heap History (20 events):
Event: 6.820 GC heap after
{Heap after GC invocations=24 (full 0):
 garbage-first heap   total 442368K, used 143474K [0x0000000704000000, 0x0000000800000000)
  region size 2048K, 16 young (32768K), 16 survivors (32768K)
 Metaspace       used 45287K, committed 46400K, reserved 1114112K
  class space    used 5762K, committed 6272K, reserved 1048576K
}
Event: 7.196 GC heap before
{Heap before GC invocations=25 (full 0):
 garbage-first heap   total 442368K, used 362610K [0x0000000704000000, 0x0000000800000000)
  region size 2048K, 123 young (251904K), 16 survivors (32768K)
 Metaspace       used 46177K, committed 47232K, reserved 1114112K
  class space    used 5915K, committed 6400K, reserved 1048576K
}
Event: 7.209 GC heap after
{Heap after GC invocations=26 (full 0):
 garbage-first heap   total 442368K, used 160779K [0x0000000704000000, 0x0000000800000000)
  region size 2048K, 16 young (32768K), 16 survivors (32768K)
 Metaspace       used 46177K, committed 47232K, reserved 1114112K
  class space    used 5915K, committed 6400K, reserved 1048576K
}
Event: 8.137 GC heap before
{Heap before GC invocations=26 (full 0):
 garbage-first heap   total 442368K, used 359435K [0x0000000704000000, 0x0000000800000000)
  region size 2048K, 114 young (233472K), 16 survivors (32768K)
 Metaspace       used 51483K, committed 52608K, reserved 1114112K
  class space    used 6732K, committed 7232K, reserved 1048576K
}
Event: 8.153 GC heap after
{Heap after GC invocations=27 (full 0):
 garbage-first heap   total 442368K, used 189281K [0x0000000704000000, 0x0000000800000000)
  region size 2048K, 15 young (30720K), 15 survivors (30720K)
 Metaspace       used 51483K, committed 52608K, reserved 1114112K
  class space    used 6732K, committed 7232K, reserved 1048576K
}
Event: 8.491 GC heap before
{Heap before GC invocations=27 (full 0):
 garbage-first heap   total 442368K, used 351073K [0x0000000704000000, 0x0000000800000000)
  region size 2048K, 94 young (192512K), 15 survivors (30720K)
 Metaspace       used 55679K, committed 56832K, reserved 1114112K
  class space    used 7726K, committed 8256K, reserved 1048576K
}
Event: 8.503 GC heap after
{Heap after GC invocations=28 (full 0):
 garbage-first heap   total 442368K, used 206397K [0x0000000704000000, 0x0000000800000000)
  region size 2048K, 9 young (18432K), 9 survivors (18432K)
 Metaspace       used 55679K, committed 56832K, reserved 1114112K
  class space    used 7726K, committed 8256K, reserved 1048576K
}
Event: 8.614 GC heap before
{Heap before GC invocations=28 (full 0):
 garbage-first heap   total 442368K, used 351805K [0x0000000704000000, 0x0000000800000000)
  region size 2048K, 81 young (165888K), 9 survivors (18432K)
 Metaspace       used 56670K, committed 57792K, reserved 1114112K
  class space    used 7988K, committed 8512K, reserved 1048576K
}
Event: 8.625 GC heap after
{Heap after GC invocations=29 (full 0):
 garbage-first heap   total 442368K, used 222637K [0x0000000704000000, 0x0000000800000000)
  region size 2048K, 8 young (16384K), 8 survivors (16384K)
 Metaspace       used 56670K, committed 57792K, reserved 1114112K
  class space    used 7988K, committed 8512K, reserved 1048576K
}
Event: 8.714 GC heap before
{Heap before GC invocations=29 (full 0):
 garbage-first heap   total 442368K, used 355757K [0x0000000704000000, 0x0000000800000000)
  region size 2048K, 73 young (149504K), 8 survivors (16384K)
 Metaspace       used 57423K, committed 58496K, reserved 1114112K
  class space    used 8151K, committed 8640K, reserved 1048576K
}
Event: 8.725 GC heap after
{Heap after GC invocations=30 (full 0):
 garbage-first heap   total 598016K, used 239432K [0x0000000704000000, 0x0000000800000000)
  region size 2048K, 9 young (18432K), 9 survivors (18432K)
 Metaspace       used 57423K, committed 58496K, reserved 1114112K
  class space    used 8151K, committed 8640K, reserved 1048576K
}
Event: 8.952 GC heap before
{Heap before GC invocations=31 (full 0):
 garbage-first heap   total 632832K, used 468808K [0x0000000704000000, 0x0000000800000000)
  region size 2048K, 120 young (245760K), 9 survivors (18432K)
 Metaspace       used 58047K, committed 59136K, reserved 1114112K
  class space    used 8264K, committed 8768K, reserved 1048576K
}
Event: 8.969 GC heap after
{Heap after GC invocations=32 (full 0):
 garbage-first heap   total 632832K, used 271387K [0x0000000704000000, 0x0000000800000000)
  region size 2048K, 15 young (30720K), 15 survivors (30720K)
 Metaspace       used 58047K, committed 59136K, reserved 1114112K
  class space    used 8264K, committed 8768K, reserved 1048576K
}
Event: 8.978 GC heap before
{Heap before GC invocations=32 (full 0):
 garbage-first heap   total 632832K, used 273435K [0x0000000704000000, 0x0000000800000000)
  region size 2048K, 16 young (32768K), 15 survivors (30720K)
 Metaspace       used 58048K, committed 59136K, reserved 1114112K
  class space    used 8264K, committed 8768K, reserved 1048576K
}
Event: 8.988 GC heap after
{Heap after GC invocations=33 (full 0):
 garbage-first heap   total 632832K, used 274289K [0x0000000704000000, 0x0000000800000000)
  region size 2048K, 2 young (4096K), 2 survivors (4096K)
 Metaspace       used 58048K, committed 59136K, reserved 1114112K
  class space    used 8264K, committed 8768K, reserved 1048576K
}
Event: 9.089 GC heap before
{Heap before GC invocations=33 (full 0):
 garbage-first heap   total 632832K, used 501617K [0x0000000704000000, 0x0000000800000000)
  region size 2048K, 112 young (229376K), 2 survivors (4096K)
 Metaspace       used 58576K, committed 59648K, reserved 1114112K
  class space    used 8365K, committed 8832K, reserved 1048576K
}
Event: 9.098 GC heap after
{Heap after GC invocations=34 (full 0):
 garbage-first heap   total 632832K, used 295169K [0x0000000704000000, 0x0000000800000000)
  region size 2048K, 11 young (22528K), 11 survivors (22528K)
 Metaspace       used 58576K, committed 59648K, reserved 1114112K
  class space    used 8365K, committed 8832K, reserved 1048576K
}
Event: 9.120 GC heap before
{Heap before GC invocations=34 (full 0):
 garbage-first heap   total 632832K, used 504065K [0x0000000704000000, 0x0000000800000000)
  region size 2048K, 114 young (233472K), 11 survivors (22528K)
 Metaspace       used 58608K, committed 59712K, reserved 1114112K
  class space    used 8371K, committed 8896K, reserved 1048576K
}
Event: 9.128 GC heap after
{Heap after GC invocations=35 (full 0):
 garbage-first heap   total 632832K, used 298153K [0x0000000704000000, 0x0000000800000000)
  region size 2048K, 2 young (4096K), 2 survivors (4096K)
 Metaspace       used 58608K, committed 59712K, reserved 1114112K
  class space    used 8371K, committed 8896K, reserved 1048576K
}
Event: 9.144 GC heap before
{Heap before GC invocations=35 (full 0):
 garbage-first heap   total 632832K, used 515241K [0x0000000704000000, 0x0000000800000000)
  region size 2048K, 108 young (221184K), 2 survivors (4096K)
 Metaspace       used 58610K, committed 59712K, reserved 1114112K
  class space    used 8371K, committed 8896K, reserved 1048576K
}

