# JRE version: Java(TM) SE Runtime Environment (17.0.10+11) (build 17.0.10+11-LTS-240)
# Java VM: Java HotSpot(TM) 64-Bit Server VM (17.0.10+11-LTS-240, mixed mode, sharing, tiered, compressed oops, compressed class ptrs, g1 gc, windows-amd64)
GC Precious Log:
 CPUs: 16 total, 16 available
 Memory: 16122M
 Large Page Support: Disabled
 NUMA Support: Disabled
 Compressed Oops: Enabled (Zero based)
 Heap Region Size: 2M
 Heap Min Capacity: 8M
 Heap Initial Capacity: 252M
 Heap Max Capacity: 4032M
 Pre-touch: Disabled
 Parallel Workers: 13
 Concurrent Workers: 3
 Concurrent Refinement Workers: 13
 Periodic GC: Disabled
Heap:
 garbage-first heap   total 505856K, used 288685K [0x0000000704000000, 0x0000000800000000)
  region size 2048K, 2 young (4096K), 2 survivors (4096K)
 Metaspace       used 57682K, committed 58752K, reserved 1114112K
  class space    used 8233K, committed 8704K, reserved 1048576K
GC Heap History (20 events):
Event: 5.822 GC heap after
{Heap after GC invocations=21 (full 0):
 garbage-first heap   total 391168K, used 129555K [0x0000000704000000, 0x0000000800000000)
  region size 2048K, 8 young (16384K), 8 survivors (16384K)
 Metaspace       used 35152K, committed 36096K, reserved 1114112K
  class space    used 4182K, committed 4608K, reserved 1048576K
}
Event: 6.841 GC heap before
{Heap before GC invocations=22 (full 0):
 garbage-first heap   total 391168K, used 315923K [0x0000000704000000, 0x0000000800000000)
  region size 2048K, 99 young (202752K), 8 survivors (16384K)
 Metaspace       used 44351K, committed 45440K, reserved 1114112K
  class space    used 5627K, committed 6144K, reserved 1048576K
}
Event: 6.850 GC heap after
{Heap after GC invocations=23 (full 0):
 garbage-first heap   total 391168K, used 137784K [0x0000000704000000, 0x0000000800000000)
  region size 2048K, 10 young (20480K), 10 survivors (20480K)
 Metaspace       used 44351K, committed 45440K, reserved 1114112K
  class space    used 5627K, committed 6144K, reserved 1048576K
}
Event: 7.250 GC heap before
{Heap before GC invocations=24 (full 0):
 garbage-first heap   total 391168K, used 318008K [0x0000000704000000, 0x0000000800000000)
  region size 2048K, 98 young (200704K), 10 survivors (20480K)
 Metaspace       used 45955K, committed 47040K, reserved 1114112K
  class space    used 5881K, committed 6336K, reserved 1048576K
}
Event: 7.260 GC heap after
{Heap after GC invocations=25 (full 0):
 garbage-first heap   total 391168K, used 150497K [0x0000000704000000, 0x0000000800000000)
  region size 2048K, 12 young (24576K), 12 survivors (24576K)
 Metaspace       used 45955K, committed 47040K, reserved 1114112K
  class space    used 5881K, committed 6336K, reserved 1048576K
}
Event: 7.458 GC heap before
{Heap before GC invocations=25 (full 0):
 garbage-first heap   total 391168K, used 318433K [0x0000000704000000, 0x0000000800000000)
  region size 2048K, 94 young (192512K), 12 survivors (24576K)
 Metaspace       used 46560K, committed 47616K, reserved 1114112K
  class space    used 5967K, committed 6464K, reserved 1048576K
}
Event: 7.472 GC heap after
{Heap after GC invocations=26 (full 0):
 garbage-first heap   total 391168K, used 165260K [0x0000000704000000, 0x0000000800000000)
  region size 2048K, 12 young (24576K), 12 survivors (24576K)
 Metaspace       used 46560K, committed 47616K, reserved 1114112K
  class space    used 5967K, committed 6464K, reserved 1048576K
}
Event: 8.105 GC heap before
{Heap before GC invocations=26 (full 0):
 garbage-first heap   total 391168K, used 316812K [0x0000000704000000, 0x0000000800000000)
  region size 2048K, 86 young (176128K), 12 survivors (24576K)
 Metaspace       used 52515K, committed 53632K, reserved 1114112K
  class space    used 6937K, committed 7424K, reserved 1048576K
}
Event: 8.121 GC heap after
{Heap after GC invocations=27 (full 0):
 garbage-first heap   total 391168K, used 190716K [0x0000000704000000, 0x0000000800000000)
  region size 2048K, 11 young (22528K), 11 survivors (22528K)
 Metaspace       used 52515K, committed 53632K, reserved 1114112K
  class space    used 6937K, committed 7424K, reserved 1048576K
}
Event: 8.354 GC heap before
{Heap before GC invocations=27 (full 0):
 garbage-first heap   total 391168K, used 309500K [0x0000000704000000, 0x0000000800000000)
  region size 2048K, 69 young (141312K), 11 survivors (22528K)
 Metaspace       used 54667K, committed 55744K, reserved 1114112K
  class space    used 7462K, committed 7936K, reserved 1048576K
}
Event: 8.367 GC heap after
{Heap after GC invocations=28 (full 0):
 garbage-first heap   total 493568K, used 205776K [0x0000000704000000, 0x0000000800000000)
  region size 2048K, 7 young (14336K), 7 survivors (14336K)
 Metaspace       used 54667K, committed 55744K, reserved 1114112K
  class space    used 7462K, committed 7936K, reserved 1048576K
}
Event: 8.552 GC heap before
{Heap before GC invocations=28 (full 0):
 garbage-first heap   total 493568K, used 388048K [0x0000000704000000, 0x0000000800000000)
  region size 2048K, 97 young (198656K), 7 survivors (14336K)
 Metaspace       used 56021K, committed 57152K, reserved 1114112K
  class space    used 7829K, committed 8320K, reserved 1048576K
}
Event: 8.565 GC heap after
{Heap after GC invocations=29 (full 0):
 garbage-first heap   total 493568K, used 224845K [0x0000000704000000, 0x0000000800000000)
  region size 2048K, 13 young (26624K), 13 survivors (26624K)
 Metaspace       used 56021K, committed 57152K, reserved 1114112K
  class space    used 7829K, committed 8320K, reserved 1048576K
}
Event: 8.672 GC heap before
{Heap before GC invocations=29 (full 0):
 garbage-first heap   total 493568K, used 394829K [0x0000000704000000, 0x0000000800000000)
  region size 2048K, 95 young (194560K), 13 survivors (26624K)
 Metaspace       used 56616K, committed 57728K, reserved 1114112K
  class space    used 7990K, committed 8512K, reserved 1048576K
}
Event: 8.690 GC heap after
{Heap after GC invocations=30 (full 0):
 garbage-first heap   total 493568K, used 248968K [0x0000000704000000, 0x0000000800000000)
  region size 2048K, 11 young (22528K), 11 survivors (22528K)
 Metaspace       used 56616K, committed 57728K, reserved 1114112K
  class space    used 7990K, committed 8512K, reserved 1048576K
}
Event: 8.801 GC heap before
{Heap before GC invocations=30 (full 0):
 garbage-first heap   total 493568K, used 396424K [0x0000000704000000, 0x0000000800000000)
  region size 2048K, 83 young (169984K), 11 survivors (22528K)
 Metaspace       used 57168K, committed 58304K, reserved 1114112K
  class space    used 8124K, committed 8640K, reserved 1048576K
}
Event: 8.816 GC heap after
{Heap after GC invocations=31 (full 0):
 garbage-first heap   total 493568K, used 269438K [0x0000000704000000, 0x0000000800000000)
  region size 2048K, 10 young (20480K), 10 survivors (20480K)
 Metaspace       used 57168K, committed 58304K, reserved 1114112K
  class space    used 8124K, committed 8640K, reserved 1048576K
}
Event: 9.140 GC heap before
{Heap before GC invocations=32 (full 0):
 garbage-first heap   total 505856K, used 398462K [0x0000000704000000, 0x0000000800000000)
  region size 2048K, 73 young (149504K), 10 survivors (20480K)
 Metaspace       used 57682K, committed 58752K, reserved 1114112K
  class space    used 8233K, committed 8704K, reserved 1048576K
}
Event: 9.154 GC heap after
{Heap after GC invocations=33 (full 0):
 garbage-first heap   total 505856K, used 287144K [0x0000000704000000, 0x0000000800000000)
  region size 2048K, 9 young (18432K), 9 survivors (18432K)
 Metaspace       used 57682K, committed 58752K, reserved 1114112K
  class space    used 8233K, committed 8704K, reserved 1048576K
}
Event: 9.169 GC heap before
{Heap before GC invocations=33 (full 0):
 garbage-first heap   total 505856K, used 293288K [0x0000000704000000, 0x0000000800000000)
  region size 2048K, 12 young (24576K), 9 survivors (18432K)
 Metaspace       used 57682K, committed 58752K, reserved 1114112K
  class space    used 8233K, committed 8704K, reserved 1048576K
}

